<?xml version="1.0" encoding="UTF-8"?>
<testng-results skipped="0" failed="0" ignored="0" total="2" passed="2">
  <reporter-output>
  </reporter-output>
  <suite name="Default suite" duration-ms="11191" started-at="2022-12-21T11:58:15 IST" finished-at="2022-12-21T11:58:26 IST">
    <groups>
    </groups>
    <test name="Default test" duration-ms="11191" started-at="2022-12-21T11:58:15 IST" finished-at="2022-12-21T11:58:26 IST">
      <class name="testRunnerClass.TestWikiPediaSearch">
        <test-method status="PASS" signature="setUp()[pri:0, instance:testRunnerClass.TestWikiPediaSearch@289d1c02]" name="setUp" is-config="true" duration-ms="4883" started-at="2022-12-21T11:58:15 IST" finished-at="2022-12-21T11:58:20 IST">
          <reporter-output>
          </reporter-output>
        </test-method> <!-- setUp -->
        <test-method status="PASS" signature="testCountrySearc(java.lang.String,java.lang.String)[pri:0, instance:testRunnerClass.TestWikiPediaSearch@289d1c02]" name="testCountrySearc" duration-ms="3008" started-at="2022-12-21T11:58:20 IST" data-provider="CountryData" finished-at="2022-12-21T11:58:23 IST">
          <params>
            <param index="0">
              <value>
                <![CDATA[India]]>
              </value>
            </param>
            <param index="1">
              <value>
                <![CDATA[New Delhi]]>
              </value>
            </param>
          </params>
          <reporter-output>
          </reporter-output>
        </test-method> <!-- testCountrySearc -->
        <test-method status="PASS" signature="testCountrySearc(java.lang.String,java.lang.String)[pri:0, instance:testRunnerClass.TestWikiPediaSearch@289d1c02]" name="testCountrySearc" duration-ms="2420" started-at="2022-12-21T11:58:23 IST" data-provider="CountryData" finished-at="2022-12-21T11:58:25 IST">
          <params>
            <param index="0">
              <value>
                <![CDATA[England]]>
              </value>
            </param>
            <param index="1">
              <value>
                <![CDATA[London]]>
              </value>
            </param>
          </params>
          <reporter-output>
          </reporter-output>
        </test-method> <!-- testCountrySearc -->
        <test-method status="PASS" signature="tearDown()[pri:0, instance:testRunnerClass.TestWikiPediaSearch@289d1c02]" name="tearDown" is-config="true" duration-ms="763" started-at="2022-12-21T11:58:25 IST" finished-at="2022-12-21T11:58:26 IST">
          <reporter-output>
          </reporter-output>
        </test-method> <!-- tearDown -->
      </class> <!-- testRunnerClass.TestWikiPediaSearch -->
    </test> <!-- Default test -->
  </suite> <!-- Default suite -->
</testng-results>
